0 info it worked if it ends with ok
1 verbose cli [ '/usr/local/bin/node',
1 verbose cli   '/usr/local/bin/npm',
1 verbose cli   'install',
1 verbose cli   '--global',
1 verbose cli   'babel-cli' ]
2 info using npm@2.14.12
3 info using node@v4.2.6
4 verbose install initial load of /usr/local/lib/package.json
5 verbose readDependencies loading dependencies from /usr/local/lib/package.json
6 silly cache add args [ 'babel-cli', null ]
7 verbose cache add spec babel-cli
8 silly cache add parsed spec Result {
8 silly cache add   raw: 'babel-cli',
8 silly cache add   scope: null,
8 silly cache add   name: 'babel-cli',
8 silly cache add   rawSpec: '',
8 silly cache add   spec: 'latest',
8 silly cache add   type: 'tag' }
9 silly addNamed babel-cli@latest
10 verbose addNamed "latest" is being treated as a dist-tag for babel-cli
11 info addNameTag [ 'babel-cli', 'latest' ]
12 silly mapToRegistry name babel-cli
13 silly mapToRegistry using default registry
14 silly mapToRegistry registry https://registry.npmjs.org/
15 silly mapToRegistry uri https://registry.npmjs.org/babel-cli
16 verbose addNameTag registry:https://registry.npmjs.org/babel-cli not in flight; fetching
17 verbose request uri https://registry.npmjs.org/babel-cli
18 verbose request no auth needed
19 info attempt registry request try #1 at 12:14:20 AM
20 verbose request id 5247f413ea93275a
21 verbose etag "66FPITS13K3D30G3GSKM1QIMA"
22 http request GET https://registry.npmjs.org/babel-cli
23 http 304 https://registry.npmjs.org/babel-cli
24 verbose headers { date: 'Mon, 08 Feb 2016 06:14:20 GMT',
24 verbose headers   via: '1.1 varnish',
24 verbose headers   'cache-control': 'max-age=300',
24 verbose headers   etag: '"66FPITS13K3D30G3GSKM1QIMA"',
24 verbose headers   age: '218',
24 verbose headers   connection: 'keep-alive',
24 verbose headers   'x-served-by': 'cache-dfw1832-DFW',
24 verbose headers   'x-cache': 'HIT',
24 verbose headers   'x-cache-hits': '1',
24 verbose headers   'x-timer': 'S1454912060.382002,VS0,VE0',
24 verbose headers   vary: 'Accept' }
25 silly get cb [ 304,
25 silly get   { date: 'Mon, 08 Feb 2016 06:14:20 GMT',
25 silly get     via: '1.1 varnish',
25 silly get     'cache-control': 'max-age=300',
25 silly get     etag: '"66FPITS13K3D30G3GSKM1QIMA"',
25 silly get     age: '218',
25 silly get     connection: 'keep-alive',
25 silly get     'x-served-by': 'cache-dfw1832-DFW',
25 silly get     'x-cache': 'HIT',
25 silly get     'x-cache-hits': '1',
25 silly get     'x-timer': 'S1454912060.382002,VS0,VE0',
25 silly get     vary: 'Accept' } ]
26 verbose etag https://registry.npmjs.org/babel-cli from cache
27 verbose get saving babel-cli to /Users/amyhutch/.npm/registry.npmjs.org/babel-cli/.cache.json
28 silly addNameTag next cb for babel-cli with tag latest
29 silly addNamed babel-cli@6.5.1
30 verbose addNamed "6.5.1" is a plain semver version for babel-cli
31 silly cache afterAdd babel-cli@6.5.1
32 verbose afterAdd /Users/amyhutch/.npm/babel-cli/6.5.1/package/package.json not in flight; writing
33 verbose afterAdd /Users/amyhutch/.npm/babel-cli/6.5.1/package/package.json written
34 silly install resolved [ { name: 'babel-cli',
34 silly install resolved     version: '6.5.1',
34 silly install resolved     description: 'Babel command line.',
34 silly install resolved     author: { name: 'Sebastian McKenzie', email: 'sebmck@gmail.com' },
34 silly install resolved     homepage: 'https://babeljs.io/',
34 silly install resolved     license: 'MIT',
34 silly install resolved     repository:
34 silly install resolved      { type: 'git',
34 silly install resolved        url: 'https://github.com/babel/babel/tree/master/packages/babel-cli' },
34 silly install resolved     dependencies:
34 silly install resolved      { 'babel-core': '^6.5.1',
34 silly install resolved        'babel-register': '^6.5.1',
34 silly install resolved        'babel-polyfill': '^6.3.13',
34 silly install resolved        'babel-runtime': '^5.0.0',
34 silly install resolved        'bin-version-check': '^2.1.0',
34 silly install resolved        chalk: '1.1.1',
34 silly install resolved        commander: '^2.8.1',
34 silly install resolved        'convert-source-map': '^1.1.0',
34 silly install resolved        'fs-readdir-recursive': '^0.1.0',
34 silly install resolved        glob: '^5.0.5',
34 silly install resolved        lodash: '^3.2.0',
34 silly install resolved        'log-symbols': '^1.0.2',
34 silly install resolved        'output-file-sync': '^1.1.0',
34 silly install resolved        'path-exists': '^1.0.0',
34 silly install resolved        'path-is-absolute': '^1.0.0',
34 silly install resolved        request: '^2.65.0',
34 silly install resolved        slash: '^1.0.0',
34 silly install resolved        'source-map': '^0.5.0',
34 silly install resolved        v8flags: '^2.0.10',
34 silly install resolved        chokidar: '^1.0.0' },
34 silly install resolved     optionalDependencies: { chokidar: '^1.0.0' },
34 silly install resolved     devDependencies: { 'babel-helper-fixtures': '^6.3.13' },
34 silly install resolved     bin:
34 silly install resolved      { 'babel-doctor': './bin/babel-doctor.js',
34 silly install resolved        babel: './bin/babel.js',
34 silly install resolved        'babel-node': './bin/babel-node.js',
34 silly install resolved        'babel-external-helpers': './bin/babel-external-helpers.js' },
34 silly install resolved     _id: 'babel-cli@6.5.1',
34 silly install resolved     scripts: {},
34 silly install resolved     _shasum: '446195f282320bc8b570d5d94757eead42533b4f',
34 silly install resolved     _from: 'babel-cli@latest',
34 silly install resolved     _npmVersion: '3.3.12',
34 silly install resolved     _nodeVersion: '5.4.0',
34 silly install resolved     _npmUser: { name: 'sebmck', email: 'sebmck@gmail.com' },
34 silly install resolved     dist:
34 silly install resolved      { shasum: '446195f282320bc8b570d5d94757eead42533b4f',
34 silly install resolved        tarball: 'http://registry.npmjs.org/babel-cli/-/babel-cli-6.5.1.tgz' },
34 silly install resolved     maintainers: [ [Object], [Object], [Object], [Object], [Object], [Object] ],
34 silly install resolved     _npmOperationalInternal:
34 silly install resolved      { host: 'packages-5-east.internal.npmjs.com',
34 silly install resolved        tmp: 'tmp/babel-cli-6.5.1.tgz_1454897894065_0.05712840496562421' },
34 silly install resolved     directories: {},
34 silly install resolved     _resolved: 'https://registry.npmjs.org/babel-cli/-/babel-cli-6.5.1.tgz',
34 silly install resolved     readme: 'ERROR: No README data found!' } ]
35 info install babel-cli@6.5.1 into /usr/local/lib
36 info installOne babel-cli@6.5.1
37 verbose installOne of babel-cli to /usr/local/lib not in flight; installing
38 verbose lock using /Users/amyhutch/.npm/_locks/babel-cli-7a145e68b6364745.lock for /usr/local/lib/node_modules/babel-cli
39 silly install write writing babel-cli 6.5.1 to /usr/local/lib/node_modules/babel-cli
40 verbose unbuild lib/node_modules/babel-cli
41 silly gentlyRm /usr/local/lib/node_modules/babel-cli is being purged from base /usr/local
42 verbose gentlyRm don't care about contents; nuking /usr/local/lib/node_modules/babel-cli
43 verbose tar unpack /Users/amyhutch/.npm/babel-cli/6.5.1/package.tgz
44 verbose tar unpacking to /usr/local/lib/node_modules/babel-cli
45 silly gentlyRm /usr/local/lib/node_modules/babel-cli is being purged
46 verbose gentlyRm don't care about contents; nuking /usr/local/lib/node_modules/babel-cli
47 silly gunzTarPerm modes [ '755', '644' ]
48 error tar.unpack untar error /Users/amyhutch/.npm/babel-cli/6.5.1/package.tgz
49 verbose unlock done using /Users/amyhutch/.npm/_locks/babel-cli-7a145e68b6364745.lock for /usr/local/lib/node_modules/babel-cli
50 verbose fstream_path /usr/local/lib/node_modules/babel-cli
51 verbose fstream_type Directory
52 verbose fstream_class DirWriter
53 verbose stack Error: EACCES: permission denied, mkdir '/usr/local/lib/node_modules/babel-cli'
53 verbose stack     at Error (native)
54 verbose fstream_stack /usr/local/lib/node_modules/npm/node_modules/fstream/lib/dir-writer.js:35:25
54 verbose fstream_stack /usr/local/lib/node_modules/npm/node_modules/mkdirp/index.js:47:53
54 verbose fstream_stack FSReqWrap.oncomplete (fs.js:82:15)
55 verbose cwd /Users/amyhutch/Box Sync/Rusty/RW Dezign/Prospect Source/prospectsource.github.io
56 error Darwin 14.5.0
57 error argv "/usr/local/bin/node" "/usr/local/bin/npm" "install" "--global" "babel-cli"
58 error node v4.2.6
59 error npm  v2.14.12
60 error path /usr/local/lib/node_modules/babel-cli
61 error code EACCES
62 error errno -13
63 error syscall mkdir
64 error Error: EACCES: permission denied, mkdir '/usr/local/lib/node_modules/babel-cli'
64 error     at Error (native)
64 error  { [Error: EACCES: permission denied, mkdir '/usr/local/lib/node_modules/babel-cli']
64 error   errno: -13,
64 error   code: 'EACCES',
64 error   syscall: 'mkdir',
64 error   path: '/usr/local/lib/node_modules/babel-cli',
64 error   fstream_type: 'Directory',
64 error   fstream_path: '/usr/local/lib/node_modules/babel-cli',
64 error   fstream_class: 'DirWriter',
64 error   fstream_stack:
64 error    [ '/usr/local/lib/node_modules/npm/node_modules/fstream/lib/dir-writer.js:35:25',
64 error      '/usr/local/lib/node_modules/npm/node_modules/mkdirp/index.js:47:53',
64 error      'FSReqWrap.oncomplete (fs.js:82:15)' ] }
65 error Please try running this command again as root/Administrator.
66 verbose exit [ -13, true ]
67 verbose unbuild lib/node_modules/babel-cli
68 silly gentlyRm /usr/local/lib/node_modules/babel-cli is being purged from base /usr/local
69 verbose gentlyRm don't care about contents; nuking /usr/local/lib/node_modules/babel-cli
